{"name":"Log","hostname":"Khaleds-MacBook-Pro.local","pid":68376,"level":30,"version":"5.45.1","msg":"Ghost is running in development...","time":"2023-04-28T14:28:51.964Z","v":0}
{"name":"Log","hostname":"Khaleds-MacBook-Pro.local","pid":68376,"level":30,"version":"5.45.1","msg":"Listening on: 127.0.0.1:2368","time":"2023-04-28T14:28:51.965Z","v":0}
{"name":"Log","hostname":"Khaleds-MacBook-Pro.local","pid":68376,"level":30,"version":"5.45.1","msg":"Url configured as: https://socialroots.io/","time":"2023-04-28T14:28:51.966Z","v":0}
{"name":"Log","hostname":"Khaleds-MacBook-Pro.local","pid":68376,"level":30,"version":"5.45.1","msg":"Ctrl+C to shut down","time":"2023-04-28T14:28:51.966Z","v":0}
{"name":"Log","hostname":"Khaleds-MacBook-Pro.local","pid":68376,"level":30,"version":"5.45.1","msg":"Ghost server started in 0.963s","time":"2023-04-28T14:28:51.967Z","v":0}
{"name":"Log","hostname":"Khaleds-MacBook-Pro.local","pid":68376,"level":50,"version":"5.45.1","err":{"id":500,"domain":"https://socialroots.io","code":"ECONNREFUSED","name":"DatabaseError","statusCode":500,"level":"critical","message":"connect ECONNREFUSED ::1:3306","help":"\"Unknown database error\"","stack":"Error: connect ECONNREFUSED ::1:3306\n    at /Users/kalquaddoomi/dev/SocialRoots/socialroots-marketing/versions/5.45.1/node_modules/knex-migrator/lib/database.js:57:19\n    at TCPConnectWrap.afterConnect [as oncomplete] (node:net:1494:16)","hideStack":false},"msg":"connect ECONNREFUSED ::1:3306","time":"2023-04-28T14:28:52.172Z","v":0}
{"name":"Log","hostname":"Khaleds-MacBook-Pro.local","pid":68376,"level":40,"version":"5.45.1","msg":"Ghost is shutting down","time":"2023-04-28T14:28:52.173Z","v":0}
{"name":"Log","hostname":"Khaleds-MacBook-Pro.local","pid":68376,"level":40,"version":"5.45.1","msg":"Ghost has shut down","time":"2023-04-28T14:28:52.174Z","v":0}
{"name":"Log","hostname":"Khaleds-MacBook-Pro.local","pid":68376,"level":40,"version":"5.45.1","msg":"Ghost was running for a few seconds","time":"2023-04-28T14:28:52.176Z","v":0}
{"name":"Log","hostname":"Khaleds-MacBook-Pro.local","pid":68534,"level":30,"version":"5.45.1","msg":"Ghost is running in development...","time":"2023-04-28T14:29:44.729Z","v":0}
{"name":"Log","hostname":"Khaleds-MacBook-Pro.local","pid":68534,"level":30,"version":"5.45.1","msg":"Listening on: 127.0.0.1:2368","time":"2023-04-28T14:29:44.731Z","v":0}
{"name":"Log","hostname":"Khaleds-MacBook-Pro.local","pid":68534,"level":30,"version":"5.45.1","msg":"Url configured as: https://socialroots.io/","time":"2023-04-28T14:29:44.732Z","v":0}
{"name":"Log","hostname":"Khaleds-MacBook-Pro.local","pid":68534,"level":30,"version":"5.45.1","msg":"Ctrl+C to shut down","time":"2023-04-28T14:29:44.732Z","v":0}
{"name":"Log","hostname":"Khaleds-MacBook-Pro.local","pid":68534,"level":30,"version":"5.45.1","msg":"Ghost server started in 0.94s","time":"2023-04-28T14:29:44.734Z","v":0}
{"name":"Log","hostname":"Khaleds-MacBook-Pro.local","pid":68534,"level":50,"version":"5.45.1","err":{"id":500,"domain":"https://socialroots.io","code":"ECONNREFUSED","name":"DatabaseError","statusCode":500,"level":"critical","message":"connect ECONNREFUSED ::1:3306","help":"\"Unknown database error\"","stack":"Error: connect ECONNREFUSED ::1:3306\n    at /Users/kalquaddoomi/dev/SocialRoots/socialroots-marketing/versions/5.45.1/node_modules/knex-migrator/lib/database.js:57:19\n    at TCPConnectWrap.afterConnect [as oncomplete] (node:net:1494:16)","hideStack":false},"msg":"connect ECONNREFUSED ::1:3306","time":"2023-04-28T14:29:44.943Z","v":0}
{"name":"Log","hostname":"Khaleds-MacBook-Pro.local","pid":68534,"level":40,"version":"5.45.1","msg":"Ghost is shutting down","time":"2023-04-28T14:29:44.944Z","v":0}
{"name":"Log","hostname":"Khaleds-MacBook-Pro.local","pid":68534,"level":40,"version":"5.45.1","msg":"Ghost has shut down","time":"2023-04-28T14:29:44.945Z","v":0}
{"name":"Log","hostname":"Khaleds-MacBook-Pro.local","pid":68534,"level":40,"version":"5.45.1","msg":"Ghost was running for a few seconds","time":"2023-04-28T14:29:44.946Z","v":0}
{"name":"Log","hostname":"Khaleds-MacBook-Pro.local","pid":68709,"level":30,"version":"5.45.1","msg":"Ghost is running in development...","time":"2023-04-28T14:31:26.526Z","v":0}
{"name":"Log","hostname":"Khaleds-MacBook-Pro.local","pid":68709,"level":30,"version":"5.45.1","msg":"Listening on: 127.0.0.1:2368","time":"2023-04-28T14:31:26.528Z","v":0}
{"name":"Log","hostname":"Khaleds-MacBook-Pro.local","pid":68709,"level":30,"version":"5.45.1","msg":"Url configured as: https://socialroots.io/","time":"2023-04-28T14:31:26.529Z","v":0}
{"name":"Log","hostname":"Khaleds-MacBook-Pro.local","pid":68709,"level":30,"version":"5.45.1","msg":"Ctrl+C to shut down","time":"2023-04-28T14:31:26.529Z","v":0}
{"name":"Log","hostname":"Khaleds-MacBook-Pro.local","pid":68709,"level":30,"version":"5.45.1","msg":"Ghost server started in 1.72s","time":"2023-04-28T14:31:26.531Z","v":0}
{"name":"Log","hostname":"Khaleds-MacBook-Pro.local","pid":68709,"level":50,"version":"5.45.1","err":{"id":500,"domain":"https://socialroots.io","code":"ECONNREFUSED","name":"DatabaseError","statusCode":500,"level":"critical","message":"connect ECONNREFUSED ::1:3306","help":"\"Unknown database error\"","stack":"Error: connect ECONNREFUSED ::1:3306\n    at /Users/kalquaddoomi/dev/SocialRoots/socialroots-marketing/versions/5.45.1/node_modules/knex-migrator/lib/database.js:57:19\n    at TCPConnectWrap.afterConnect [as oncomplete] (node:net:1494:16)","hideStack":false},"msg":"connect ECONNREFUSED ::1:3306","time":"2023-04-28T14:31:27.149Z","v":0}
{"name":"Log","hostname":"Khaleds-MacBook-Pro.local","pid":68709,"level":40,"version":"5.45.1","msg":"Ghost is shutting down","time":"2023-04-28T14:31:27.150Z","v":0}
{"name":"Log","hostname":"Khaleds-MacBook-Pro.local","pid":68709,"level":40,"version":"5.45.1","msg":"Ghost has shut down","time":"2023-04-28T14:31:27.152Z","v":0}
{"name":"Log","hostname":"Khaleds-MacBook-Pro.local","pid":68709,"level":40,"version":"5.45.1","msg":"Ghost was running for a few seconds","time":"2023-04-28T14:31:27.155Z","v":0}
{"name":"Log","hostname":"Khaleds-MacBook-Pro.local","pid":68790,"level":30,"version":"5.45.1","msg":"Ghost is running in development...","time":"2023-04-28T14:32:05.903Z","v":0}
{"name":"Log","hostname":"Khaleds-MacBook-Pro.local","pid":68790,"level":30,"version":"5.45.1","msg":"Listening on: 127.0.0.1:2368","time":"2023-04-28T14:32:05.907Z","v":0}
{"name":"Log","hostname":"Khaleds-MacBook-Pro.local","pid":68790,"level":30,"version":"5.45.1","msg":"Url configured as: https://socialroots.io/","time":"2023-04-28T14:32:05.918Z","v":0}
{"name":"Log","hostname":"Khaleds-MacBook-Pro.local","pid":68790,"level":30,"version":"5.45.1","msg":"Ctrl+C to shut down","time":"2023-04-28T14:32:05.923Z","v":0}
{"name":"Log","hostname":"Khaleds-MacBook-Pro.local","pid":68790,"level":30,"version":"5.45.1","msg":"Ghost server started in 2.404s","time":"2023-04-28T14:32:05.926Z","v":0}
{"name":"Log","hostname":"Khaleds-MacBook-Pro.local","pid":68790,"level":50,"version":"5.45.1","err":{"id":500,"domain":"https://socialroots.io","code":"ECONNREFUSED","name":"DatabaseError","statusCode":500,"level":"critical","message":"connect ECONNREFUSED ::1:3306","help":"\"Unknown database error\"","stack":"Error: connect ECONNREFUSED ::1:3306\n    at /Users/kalquaddoomi/dev/SocialRoots/socialroots-marketing/versions/5.45.1/node_modules/knex-migrator/lib/database.js:57:19\n    at TCPConnectWrap.afterConnect [as oncomplete] (node:net:1494:16)","hideStack":false},"msg":"connect ECONNREFUSED ::1:3306","time":"2023-04-28T14:32:06.484Z","v":0}
{"name":"Log","hostname":"Khaleds-MacBook-Pro.local","pid":68790,"level":40,"version":"5.45.1","msg":"Ghost is shutting down","time":"2023-04-28T14:32:06.485Z","v":0}
{"name":"Log","hostname":"Khaleds-MacBook-Pro.local","pid":68790,"level":40,"version":"5.45.1","msg":"Ghost has shut down","time":"2023-04-28T14:32:06.489Z","v":0}
{"name":"Log","hostname":"Khaleds-MacBook-Pro.local","pid":68790,"level":40,"version":"5.45.1","msg":"Ghost was running for a few seconds","time":"2023-04-28T14:32:06.492Z","v":0}
